d:\onedrive - university of utah\hj\phd\research\190817_fullbodycapture\codes\210410_multicamcalib\python\bundle_adjustment\x64\release\bundle_adjustment.ipdb
d:\onedrive - university of utah\hj\phd\research\190817_fullbodycapture\codes\210410_multicamcalib\python\bundle_adjustment\x64\release\bundle_adjustment.iobj
d:\onedrive - university of utah\hj\phd\research\190817_fullbodycapture\codes\210410_multicamcalib\python\bundle_adjustment\x64\release\vcpkg.applocal.log
d:\onedrive - university of utah\hj\phd\research\190817_fullbodycapture\codes\210410_multicamcalib\python\bundle_adjustment\x64\release\ceres.dll
d:\onedrive - university of utah\hj\phd\research\190817_fullbodycapture\codes\210410_multicamcalib\python\bundle_adjustment\x64\release\glog.dll
d:\onedrive - university of utah\hj\phd\research\190817_fullbodycapture\codes\210410_multicamcalib\python\bundle_adjustment\x64\release\gflags.dll
d:\onedrive - university of utah\hj\phd\research\190817_fullbodycapture\codes\210410_multicamcalib\python\bundle_adjustment\x64\release\vc142.pdb
d:\onedrive - university of utah\hj\phd\research\190817_fullbodycapture\codes\210410_multicamcalib\python\bundle_adjustment\x64\release\worker.obj
d:\onedrive - university of utah\hj\phd\research\190817_fullbodycapture\codes\210410_multicamcalib\python\bundle_adjustment\x64\release\parser.obj
d:\onedrive - university of utah\hj\phd\research\190817_fullbodycapture\codes\210410_multicamcalib\python\bundle_adjustment\x64\release\main.obj
d:\onedrive - university of utah\hj\phd\research\190817_fullbodycapture\codes\210410_multicamcalib\python\bundle_adjustment\x64\release\bundle_adjustment_6dof.obj
d:\onedrive - university of utah\hj\phd\research\190817_fullbodycapture\codes\210410_multicamcalib\python\bundle_adjustment\x64\release\bundle_adjustment.exe
d:\onedrive - university of utah\hj\phd\research\190817_fullbodycapture\codes\210410_multicamcalib\python\bundle_adjustment\x64\release\bundle_adjustment.pdb
d:\onedrive - university of utah\hj\phd\research\190817_fullbodycapture\codes\210410_multicamcalib\python\bundle_adjustment\x64\release\bundle_a.96926e35.tlog\bundle_adjustment.write.1u.tlog
d:\onedrive - university of utah\hj\phd\research\190817_fullbodycapture\codes\210410_multicamcalib\python\bundle_adjustment\x64\release\bundle_a.96926e35.tlog\cl.command.1.tlog
d:\onedrive - university of utah\hj\phd\research\190817_fullbodycapture\codes\210410_multicamcalib\python\bundle_adjustment\x64\release\bundle_a.96926e35.tlog\cl.read.1.tlog
d:\onedrive - university of utah\hj\phd\research\190817_fullbodycapture\codes\210410_multicamcalib\python\bundle_adjustment\x64\release\bundle_a.96926e35.tlog\cl.write.1.tlog
d:\onedrive - university of utah\hj\phd\research\190817_fullbodycapture\codes\210410_multicamcalib\python\bundle_adjustment\x64\release\bundle_a.96926e35.tlog\link.command.1.tlog
d:\onedrive - university of utah\hj\phd\research\190817_fullbodycapture\codes\210410_multicamcalib\python\bundle_adjustment\x64\release\bundle_a.96926e35.tlog\link.read.1.tlog
d:\onedrive - university of utah\hj\phd\research\190817_fullbodycapture\codes\210410_multicamcalib\python\bundle_adjustment\x64\release\bundle_a.96926e35.tlog\link.write.1.tlog
