  bundle_adjustment.cpp
D:\1_Projects\200228_vcpkg\vcpkg\installed\x64-windows\include\ceres\gradient_problem.h(108,53): warning C4251: 'ceres::GradientProblem::function_': class 'ceres::internal::scoped_ptr<ceres::FirstOrderFunction>' needs to have dll-interface to be used by clients of class 'ceres::GradientProblem'
D:\1_Projects\200228_vcpkg\vcpkg\installed\x64-windows\include\ceres\gradient_problem.h(108): message : see declaration of 'ceres::internal::scoped_ptr<ceres::FirstOrderFunction>'
D:\1_Projects\200228_vcpkg\vcpkg\installed\x64-windows\include\ceres\gradient_problem.h(109,64): warning C4251: 'ceres::GradientProblem::parameterization_': class 'ceres::internal::scoped_ptr<ceres::LocalParameterization>' needs to have dll-interface to be used by clients of class 'ceres::GradientProblem'
D:\1_Projects\200228_vcpkg\vcpkg\installed\x64-windows\include\ceres\gradient_problem.h(109): message : see declaration of 'ceres::internal::scoped_ptr<ceres::LocalParameterization>'
D:\1_Projects\200228_vcpkg\vcpkg\installed\x64-windows\include\ceres\gradient_problem.h(110,42): warning C4251: 'ceres::GradientProblem::scratch_': class 'ceres::internal::scoped_array<double>' needs to have dll-interface to be used by clients of class 'ceres::GradientProblem'
D:\1_Projects\200228_vcpkg\vcpkg\installed\x64-windows\include\ceres\gradient_problem.h(110): message : see declaration of 'ceres::internal::scoped_array<double>'
  bundle_adjustment_6dof+.cpp
D:\1_Projects\200228_vcpkg\vcpkg\installed\x64-windows\include\ceres\gradient_problem.h(108,53): warning C4251: 'ceres::GradientProblem::function_': class 'ceres::internal::scoped_ptr<ceres::FirstOrderFunction>' needs to have dll-interface to be used by clients of class 'ceres::GradientProblem'
D:\1_Projects\200228_vcpkg\vcpkg\installed\x64-windows\include\ceres\gradient_problem.h(108): message : see declaration of 'ceres::internal::scoped_ptr<ceres::FirstOrderFunction>'
D:\1_Projects\200228_vcpkg\vcpkg\installed\x64-windows\include\ceres\gradient_problem.h(109,64): warning C4251: 'ceres::GradientProblem::parameterization_': class 'ceres::internal::scoped_ptr<ceres::LocalParameterization>' needs to have dll-interface to be used by clients of class 'ceres::GradientProblem'
D:\1_Projects\200228_vcpkg\vcpkg\installed\x64-windows\include\ceres\gradient_problem.h(109): message : see declaration of 'ceres::internal::scoped_ptr<ceres::LocalParameterization>'
D:\1_Projects\200228_vcpkg\vcpkg\installed\x64-windows\include\ceres\gradient_problem.h(110,42): warning C4251: 'ceres::GradientProblem::scratch_': class 'ceres::internal::scoped_array<double>' needs to have dll-interface to be used by clients of class 'ceres::GradientProblem'
D:\1_Projects\200228_vcpkg\vcpkg\installed\x64-windows\include\ceres\gradient_problem.h(110): message : see declaration of 'ceres::internal::scoped_array<double>'
  bundle_adjustment_6dof.cpp
D:\1_Projects\200228_vcpkg\vcpkg\installed\x64-windows\include\ceres\gradient_problem.h(108,53): warning C4251: 'ceres::GradientProblem::function_': class 'ceres::internal::scoped_ptr<ceres::FirstOrderFunction>' needs to have dll-interface to be used by clients of class 'ceres::GradientProblem'
D:\1_Projects\200228_vcpkg\vcpkg\installed\x64-windows\include\ceres\gradient_problem.h(108): message : see declaration of 'ceres::internal::scoped_ptr<ceres::FirstOrderFunction>'
D:\1_Projects\200228_vcpkg\vcpkg\installed\x64-windows\include\ceres\gradient_problem.h(109,64): warning C4251: 'ceres::GradientProblem::parameterization_': class 'ceres::internal::scoped_ptr<ceres::LocalParameterization>' needs to have dll-interface to be used by clients of class 'ceres::GradientProblem'
D:\1_Projects\200228_vcpkg\vcpkg\installed\x64-windows\include\ceres\gradient_problem.h(109): message : see declaration of 'ceres::internal::scoped_ptr<ceres::LocalParameterization>'
D:\1_Projects\200228_vcpkg\vcpkg\installed\x64-windows\include\ceres\gradient_problem.h(110,42): warning C4251: 'ceres::GradientProblem::scratch_': class 'ceres::internal::scoped_array<double>' needs to have dll-interface to be used by clients of class 'ceres::GradientProblem'
D:\1_Projects\200228_vcpkg\vcpkg\installed\x64-windows\include\ceres\gradient_problem.h(110): message : see declaration of 'ceres::internal::scoped_array<double>'
  bundle_adjustment_6dof_framewise_chb.cpp
D:\1_Projects\200228_vcpkg\vcpkg\installed\x64-windows\include\ceres\gradient_problem.h(108,53): warning C4251: 'ceres::GradientProblem::function_': class 'ceres::internal::scoped_ptr<ceres::FirstOrderFunction>' needs to have dll-interface to be used by clients of class 'ceres::GradientProblem'
D:\1_Projects\200228_vcpkg\vcpkg\installed\x64-windows\include\ceres\gradient_problem.h(108): message : see declaration of 'ceres::internal::scoped_ptr<ceres::FirstOrderFunction>'
D:\1_Projects\200228_vcpkg\vcpkg\installed\x64-windows\include\ceres\gradient_problem.h(109,64): warning C4251: 'ceres::GradientProblem::parameterization_': class 'ceres::internal::scoped_ptr<ceres::LocalParameterization>' needs to have dll-interface to be used by clients of class 'ceres::GradientProblem'
D:\1_Projects\200228_vcpkg\vcpkg\installed\x64-windows\include\ceres\gradient_problem.h(109): message : see declaration of 'ceres::internal::scoped_ptr<ceres::LocalParameterization>'
D:\1_Projects\200228_vcpkg\vcpkg\installed\x64-windows\include\ceres\gradient_problem.h(110,42): warning C4251: 'ceres::GradientProblem::scratch_': class 'ceres::internal::scoped_array<double>' needs to have dll-interface to be used by clients of class 'ceres::GradientProblem'
D:\1_Projects\200228_vcpkg\vcpkg\installed\x64-windows\include\ceres\gradient_problem.h(110): message : see declaration of 'ceres::internal::scoped_array<double>'
D:\OneDrive - University of Utah\HJ\PhD\Research\190817_FullBodyCapture\Codes\210410_MultiCamCalib\python\bundle_adjustment\bundle_adjustment\bundle_adjustment_6dof_framewise_chb.cpp(417,48): warning C4267: 'initializing': conversion from 'size_t' to 'int', possible loss of data
  bundle_adjustment_6dof_with_deformation.cpp
D:\1_Projects\200228_vcpkg\vcpkg\installed\x64-windows\include\ceres\gradient_problem.h(108,53): warning C4251: 'ceres::GradientProblem::function_': class 'ceres::internal::scoped_ptr<ceres::FirstOrderFunction>' needs to have dll-interface to be used by clients of class 'ceres::GradientProblem'
D:\1_Projects\200228_vcpkg\vcpkg\installed\x64-windows\include\ceres\gradient_problem.h(108): message : see declaration of 'ceres::internal::scoped_ptr<ceres::FirstOrderFunction>'
D:\1_Projects\200228_vcpkg\vcpkg\installed\x64-windows\include\ceres\gradient_problem.h(109,64): warning C4251: 'ceres::GradientProblem::parameterization_': class 'ceres::internal::scoped_ptr<ceres::LocalParameterization>' needs to have dll-interface to be used by clients of class 'ceres::GradientProblem'
D:\1_Projects\200228_vcpkg\vcpkg\installed\x64-windows\include\ceres\gradient_problem.h(109): message : see declaration of 'ceres::internal::scoped_ptr<ceres::LocalParameterization>'
D:\1_Projects\200228_vcpkg\vcpkg\installed\x64-windows\include\ceres\gradient_problem.h(110,42): warning C4251: 'ceres::GradientProblem::scratch_': class 'ceres::internal::scoped_array<double>' needs to have dll-interface to be used by clients of class 'ceres::GradientProblem'
D:\1_Projects\200228_vcpkg\vcpkg\installed\x64-windows\include\ceres\gradient_problem.h(110): message : see declaration of 'ceres::internal::scoped_array<double>'
  bundle_adjustment_lap_reg.cpp
D:\1_Projects\200228_vcpkg\vcpkg\installed\x64-windows\include\ceres\gradient_problem.h(108,53): warning C4251: 'ceres::GradientProblem::function_': class 'ceres::internal::scoped_ptr<ceres::FirstOrderFunction>' needs to have dll-interface to be used by clients of class 'ceres::GradientProblem'
D:\1_Projects\200228_vcpkg\vcpkg\installed\x64-windows\include\ceres\gradient_problem.h(108): message : see declaration of 'ceres::internal::scoped_ptr<ceres::FirstOrderFunction>'
D:\1_Projects\200228_vcpkg\vcpkg\installed\x64-windows\include\ceres\gradient_problem.h(109,64): warning C4251: 'ceres::GradientProblem::parameterization_': class 'ceres::internal::scoped_ptr<ceres::LocalParameterization>' needs to have dll-interface to be used by clients of class 'ceres::GradientProblem'
D:\1_Projects\200228_vcpkg\vcpkg\installed\x64-windows\include\ceres\gradient_problem.h(109): message : see declaration of 'ceres::internal::scoped_ptr<ceres::LocalParameterization>'
D:\1_Projects\200228_vcpkg\vcpkg\installed\x64-windows\include\ceres\gradient_problem.h(110,42): warning C4251: 'ceres::GradientProblem::scratch_': class 'ceres::internal::scoped_array<double>' needs to have dll-interface to be used by clients of class 'ceres::GradientProblem'
D:\1_Projects\200228_vcpkg\vcpkg\installed\x64-windows\include\ceres\gradient_problem.h(110): message : see declaration of 'ceres::internal::scoped_array<double>'
  bundle_adjustment_zfree.cpp
D:\1_Projects\200228_vcpkg\vcpkg\installed\x64-windows\include\ceres\gradient_problem.h(108,53): warning C4251: 'ceres::GradientProblem::function_': class 'ceres::internal::scoped_ptr<ceres::FirstOrderFunction>' needs to have dll-interface to be used by clients of class 'ceres::GradientProblem'
D:\1_Projects\200228_vcpkg\vcpkg\installed\x64-windows\include\ceres\gradient_problem.h(108): message : see declaration of 'ceres::internal::scoped_ptr<ceres::FirstOrderFunction>'
D:\1_Projects\200228_vcpkg\vcpkg\installed\x64-windows\include\ceres\gradient_problem.h(109,64): warning C4251: 'ceres::GradientProblem::parameterization_': class 'ceres::internal::scoped_ptr<ceres::LocalParameterization>' needs to have dll-interface to be used by clients of class 'ceres::GradientProblem'
D:\1_Projects\200228_vcpkg\vcpkg\installed\x64-windows\include\ceres\gradient_problem.h(109): message : see declaration of 'ceres::internal::scoped_ptr<ceres::LocalParameterization>'
D:\1_Projects\200228_vcpkg\vcpkg\installed\x64-windows\include\ceres\gradient_problem.h(110,42): warning C4251: 'ceres::GradientProblem::scratch_': class 'ceres::internal::scoped_array<double>' needs to have dll-interface to be used by clients of class 'ceres::GradientProblem'
D:\1_Projects\200228_vcpkg\vcpkg\installed\x64-windows\include\ceres\gradient_problem.h(110): message : see declaration of 'ceres::internal::scoped_array<double>'
  bundle_adjustment_zfree_frames.cpp
D:\1_Projects\200228_vcpkg\vcpkg\installed\x64-windows\include\ceres\gradient_problem.h(108,53): warning C4251: 'ceres::GradientProblem::function_': class 'ceres::internal::scoped_ptr<ceres::FirstOrderFunction>' needs to have dll-interface to be used by clients of class 'ceres::GradientProblem'
D:\1_Projects\200228_vcpkg\vcpkg\installed\x64-windows\include\ceres\gradient_problem.h(108): message : see declaration of 'ceres::internal::scoped_ptr<ceres::FirstOrderFunction>'
D:\1_Projects\200228_vcpkg\vcpkg\installed\x64-windows\include\ceres\gradient_problem.h(109,64): warning C4251: 'ceres::GradientProblem::parameterization_': class 'ceres::internal::scoped_ptr<ceres::LocalParameterization>' needs to have dll-interface to be used by clients of class 'ceres::GradientProblem'
D:\1_Projects\200228_vcpkg\vcpkg\installed\x64-windows\include\ceres\gradient_problem.h(109): message : see declaration of 'ceres::internal::scoped_ptr<ceres::LocalParameterization>'
D:\1_Projects\200228_vcpkg\vcpkg\installed\x64-windows\include\ceres\gradient_problem.h(110,42): warning C4251: 'ceres::GradientProblem::scratch_': class 'ceres::internal::scoped_array<double>' needs to have dll-interface to be used by clients of class 'ceres::GradientProblem'
D:\1_Projects\200228_vcpkg\vcpkg\installed\x64-windows\include\ceres\gradient_problem.h(110): message : see declaration of 'ceres::internal::scoped_array<double>'
  chb_estimation_harmonic.cpp
D:\1_Projects\200228_vcpkg\vcpkg\installed\x64-windows\include\ceres\gradient_problem.h(108,53): warning C4251: 'ceres::GradientProblem::function_': class 'ceres::internal::scoped_ptr<ceres::FirstOrderFunction>' needs to have dll-interface to be used by clients of class 'ceres::GradientProblem'
D:\1_Projects\200228_vcpkg\vcpkg\installed\x64-windows\include\ceres\gradient_problem.h(108): message : see declaration of 'ceres::internal::scoped_ptr<ceres::FirstOrderFunction>'
D:\1_Projects\200228_vcpkg\vcpkg\installed\x64-windows\include\ceres\gradient_problem.h(109,64): warning C4251: 'ceres::GradientProblem::parameterization_': class 'ceres::internal::scoped_ptr<ceres::LocalParameterization>' needs to have dll-interface to be used by clients of class 'ceres::GradientProblem'
D:\1_Projects\200228_vcpkg\vcpkg\installed\x64-windows\include\ceres\gradient_problem.h(109): message : see declaration of 'ceres::internal::scoped_ptr<ceres::LocalParameterization>'
D:\1_Projects\200228_vcpkg\vcpkg\installed\x64-windows\include\ceres\gradient_problem.h(110,42): warning C4251: 'ceres::GradientProblem::scratch_': class 'ceres::internal::scoped_array<double>' needs to have dll-interface to be used by clients of class 'ceres::GradientProblem'
D:\1_Projects\200228_vcpkg\vcpkg\installed\x64-windows\include\ceres\gradient_problem.h(110): message : see declaration of 'ceres::internal::scoped_array<double>'
  chb_estimation_xyzfree.cpp
D:\1_Projects\200228_vcpkg\vcpkg\installed\x64-windows\include\ceres\gradient_problem.h(108,53): warning C4251: 'ceres::GradientProblem::function_': class 'ceres::internal::scoped_ptr<ceres::FirstOrderFunction>' needs to have dll-interface to be used by clients of class 'ceres::GradientProblem'
D:\1_Projects\200228_vcpkg\vcpkg\installed\x64-windows\include\ceres\gradient_problem.h(108): message : see declaration of 'ceres::internal::scoped_ptr<ceres::FirstOrderFunction>'
D:\1_Projects\200228_vcpkg\vcpkg\installed\x64-windows\include\ceres\gradient_problem.h(109,64): warning C4251: 'ceres::GradientProblem::parameterization_': class 'ceres::internal::scoped_ptr<ceres::LocalParameterization>' needs to have dll-interface to be used by clients of class 'ceres::GradientProblem'
D:\1_Projects\200228_vcpkg\vcpkg\installed\x64-windows\include\ceres\gradient_problem.h(109): message : see declaration of 'ceres::internal::scoped_ptr<ceres::LocalParameterization>'
D:\1_Projects\200228_vcpkg\vcpkg\installed\x64-windows\include\ceres\gradient_problem.h(110,42): warning C4251: 'ceres::GradientProblem::scratch_': class 'ceres::internal::scoped_array<double>' needs to have dll-interface to be used by clients of class 'ceres::GradientProblem'
D:\1_Projects\200228_vcpkg\vcpkg\installed\x64-windows\include\ceres\gradient_problem.h(110): message : see declaration of 'ceres::internal::scoped_array<double>'
  chb_estimation_zfree.cpp
D:\1_Projects\200228_vcpkg\vcpkg\installed\x64-windows\include\ceres\gradient_problem.h(108,53): warning C4251: 'ceres::GradientProblem::function_': class 'ceres::internal::scoped_ptr<ceres::FirstOrderFunction>' needs to have dll-interface to be used by clients of class 'ceres::GradientProblem'
D:\1_Projects\200228_vcpkg\vcpkg\installed\x64-windows\include\ceres\gradient_problem.h(108): message : see declaration of 'ceres::internal::scoped_ptr<ceres::FirstOrderFunction>'
D:\1_Projects\200228_vcpkg\vcpkg\installed\x64-windows\include\ceres\gradient_problem.h(109,64): warning C4251: 'ceres::GradientProblem::parameterization_': class 'ceres::internal::scoped_ptr<ceres::LocalParameterization>' needs to have dll-interface to be used by clients of class 'ceres::GradientProblem'
D:\1_Projects\200228_vcpkg\vcpkg\installed\x64-windows\include\ceres\gradient_problem.h(109): message : see declaration of 'ceres::internal::scoped_ptr<ceres::LocalParameterization>'
D:\1_Projects\200228_vcpkg\vcpkg\installed\x64-windows\include\ceres\gradient_problem.h(110,42): warning C4251: 'ceres::GradientProblem::scratch_': class 'ceres::internal::scoped_array<double>' needs to have dll-interface to be used by clients of class 'ceres::GradientProblem'
D:\1_Projects\200228_vcpkg\vcpkg\installed\x64-windows\include\ceres\gradient_problem.h(110): message : see declaration of 'ceres::internal::scoped_array<double>'
  main.cpp
D:\1_Projects\200228_vcpkg\vcpkg\installed\x64-windows\include\ceres\gradient_problem.h(108,53): warning C4251: 'ceres::GradientProblem::function_': class 'ceres::internal::scoped_ptr<ceres::FirstOrderFunction>' needs to have dll-interface to be used by clients of class 'ceres::GradientProblem'
D:\1_Projects\200228_vcpkg\vcpkg\installed\x64-windows\include\ceres\gradient_problem.h(108): message : see declaration of 'ceres::internal::scoped_ptr<ceres::FirstOrderFunction>'
D:\1_Projects\200228_vcpkg\vcpkg\installed\x64-windows\include\ceres\gradient_problem.h(109,64): warning C4251: 'ceres::GradientProblem::parameterization_': class 'ceres::internal::scoped_ptr<ceres::LocalParameterization>' needs to have dll-interface to be used by clients of class 'ceres::GradientProblem'
D:\1_Projects\200228_vcpkg\vcpkg\installed\x64-windows\include\ceres\gradient_problem.h(109): message : see declaration of 'ceres::internal::scoped_ptr<ceres::LocalParameterization>'
D:\1_Projects\200228_vcpkg\vcpkg\installed\x64-windows\include\ceres\gradient_problem.h(110,42): warning C4251: 'ceres::GradientProblem::scratch_': class 'ceres::internal::scoped_array<double>' needs to have dll-interface to be used by clients of class 'ceres::GradientProblem'
D:\1_Projects\200228_vcpkg\vcpkg\installed\x64-windows\include\ceres\gradient_problem.h(110): message : see declaration of 'ceres::internal::scoped_array<double>'
  parser.cpp
D:\1_Projects\200228_vcpkg\vcpkg\installed\x64-windows\include\ceres\gradient_problem.h(108,53): warning C4251: 'ceres::GradientProblem::function_': class 'ceres::internal::scoped_ptr<ceres::FirstOrderFunction>' needs to have dll-interface to be used by clients of class 'ceres::GradientProblem'
D:\1_Projects\200228_vcpkg\vcpkg\installed\x64-windows\include\ceres\gradient_problem.h(108): message : see declaration of 'ceres::internal::scoped_ptr<ceres::FirstOrderFunction>'
D:\1_Projects\200228_vcpkg\vcpkg\installed\x64-windows\include\ceres\gradient_problem.h(109,64): warning C4251: 'ceres::GradientProblem::parameterization_': class 'ceres::internal::scoped_ptr<ceres::LocalParameterization>' needs to have dll-interface to be used by clients of class 'ceres::GradientProblem'
D:\1_Projects\200228_vcpkg\vcpkg\installed\x64-windows\include\ceres\gradient_problem.h(109): message : see declaration of 'ceres::internal::scoped_ptr<ceres::LocalParameterization>'
D:\1_Projects\200228_vcpkg\vcpkg\installed\x64-windows\include\ceres\gradient_problem.h(110,42): warning C4251: 'ceres::GradientProblem::scratch_': class 'ceres::internal::scoped_array<double>' needs to have dll-interface to be used by clients of class 'ceres::GradientProblem'
D:\1_Projects\200228_vcpkg\vcpkg\installed\x64-windows\include\ceres\gradient_problem.h(110): message : see declaration of 'ceres::internal::scoped_array<double>'
D:\OneDrive - University of Utah\HJ\PhD\Research\190817_FullBodyCapture\Codes\210410_MultiCamCalib\python\bundle_adjustment\bundle_adjustment\parser.cpp(264,42): warning C4267: 'initializing': conversion from 'size_t' to 'int', possible loss of data
  Triangulation.cpp
D:\1_Projects\200228_vcpkg\vcpkg\installed\x64-windows\include\ceres\gradient_problem.h(108,53): warning C4251: 'ceres::GradientProblem::function_': class 'ceres::internal::scoped_ptr<ceres::FirstOrderFunction>' needs to have dll-interface to be used by clients of class 'ceres::GradientProblem'
D:\1_Projects\200228_vcpkg\vcpkg\installed\x64-windows\include\ceres\gradient_problem.h(108): message : see declaration of 'ceres::internal::scoped_ptr<ceres::FirstOrderFunction>'
D:\1_Projects\200228_vcpkg\vcpkg\installed\x64-windows\include\ceres\gradient_problem.h(109,64): warning C4251: 'ceres::GradientProblem::parameterization_': class 'ceres::internal::scoped_ptr<ceres::LocalParameterization>' needs to have dll-interface to be used by clients of class 'ceres::GradientProblem'
D:\1_Projects\200228_vcpkg\vcpkg\installed\x64-windows\include\ceres\gradient_problem.h(109): message : see declaration of 'ceres::internal::scoped_ptr<ceres::LocalParameterization>'
D:\1_Projects\200228_vcpkg\vcpkg\installed\x64-windows\include\ceres\gradient_problem.h(110,42): warning C4251: 'ceres::GradientProblem::scratch_': class 'ceres::internal::scoped_array<double>' needs to have dll-interface to be used by clients of class 'ceres::GradientProblem'
D:\1_Projects\200228_vcpkg\vcpkg\installed\x64-windows\include\ceres\gradient_problem.h(110): message : see declaration of 'ceres::internal::scoped_array<double>'
D:\OneDrive - University of Utah\HJ\PhD\Research\190817_FullBodyCapture\Codes\210410_MultiCamCalib\python\bundle_adjustment\bundle_adjustment\Triangulation.cpp(166,51): warning C4018: '<': signed/unsigned mismatch
D:\OneDrive - University of Utah\HJ\PhD\Research\190817_FullBodyCapture\Codes\210410_MultiCamCalib\python\bundle_adjustment\bundle_adjustment\Triangulation.cpp(184,47): warning C4018: '<': signed/unsigned mismatch
  triangulation_chb_corners.cpp
D:\1_Projects\200228_vcpkg\vcpkg\installed\x64-windows\include\ceres\gradient_problem.h(108,53): warning C4251: 'ceres::GradientProblem::function_': class 'ceres::internal::scoped_ptr<ceres::FirstOrderFunction>' needs to have dll-interface to be used by clients of class 'ceres::GradientProblem'
D:\1_Projects\200228_vcpkg\vcpkg\installed\x64-windows\include\ceres\gradient_problem.h(108): message : see declaration of 'ceres::internal::scoped_ptr<ceres::FirstOrderFunction>'
D:\1_Projects\200228_vcpkg\vcpkg\installed\x64-windows\include\ceres\gradient_problem.h(109,64): warning C4251: 'ceres::GradientProblem::parameterization_': class 'ceres::internal::scoped_ptr<ceres::LocalParameterization>' needs to have dll-interface to be used by clients of class 'ceres::GradientProblem'
D:\1_Projects\200228_vcpkg\vcpkg\installed\x64-windows\include\ceres\gradient_problem.h(109): message : see declaration of 'ceres::internal::scoped_ptr<ceres::LocalParameterization>'
D:\1_Projects\200228_vcpkg\vcpkg\installed\x64-windows\include\ceres\gradient_problem.h(110,42): warning C4251: 'ceres::GradientProblem::scratch_': class 'ceres::internal::scoped_array<double>' needs to have dll-interface to be used by clients of class 'ceres::GradientProblem'
D:\1_Projects\200228_vcpkg\vcpkg\installed\x64-windows\include\ceres\gradient_problem.h(110): message : see declaration of 'ceres::internal::scoped_array<double>'
  triangulation_pairwise.cpp
D:\1_Projects\200228_vcpkg\vcpkg\installed\x64-windows\include\ceres\gradient_problem.h(108,53): warning C4251: 'ceres::GradientProblem::function_': class 'ceres::internal::scoped_ptr<ceres::FirstOrderFunction>' needs to have dll-interface to be used by clients of class 'ceres::GradientProblem'
D:\1_Projects\200228_vcpkg\vcpkg\installed\x64-windows\include\ceres\gradient_problem.h(108): message : see declaration of 'ceres::internal::scoped_ptr<ceres::FirstOrderFunction>'
D:\1_Projects\200228_vcpkg\vcpkg\installed\x64-windows\include\ceres\gradient_problem.h(109,64): warning C4251: 'ceres::GradientProblem::parameterization_': class 'ceres::internal::scoped_ptr<ceres::LocalParameterization>' needs to have dll-interface to be used by clients of class 'ceres::GradientProblem'
D:\1_Projects\200228_vcpkg\vcpkg\installed\x64-windows\include\ceres\gradient_problem.h(109): message : see declaration of 'ceres::internal::scoped_ptr<ceres::LocalParameterization>'
D:\1_Projects\200228_vcpkg\vcpkg\installed\x64-windows\include\ceres\gradient_problem.h(110,42): warning C4251: 'ceres::GradientProblem::scratch_': class 'ceres::internal::scoped_array<double>' needs to have dll-interface to be used by clients of class 'ceres::GradientProblem'
D:\1_Projects\200228_vcpkg\vcpkg\installed\x64-windows\include\ceres\gradient_problem.h(110): message : see declaration of 'ceres::internal::scoped_array<double>'
  worker.cpp
D:\1_Projects\200228_vcpkg\vcpkg\installed\x64-windows\include\ceres\gradient_problem.h(108,53): warning C4251: 'ceres::GradientProblem::function_': class 'ceres::internal::scoped_ptr<ceres::FirstOrderFunction>' needs to have dll-interface to be used by clients of class 'ceres::GradientProblem'
D:\1_Projects\200228_vcpkg\vcpkg\installed\x64-windows\include\ceres\gradient_problem.h(108): message : see declaration of 'ceres::internal::scoped_ptr<ceres::FirstOrderFunction>'
D:\1_Projects\200228_vcpkg\vcpkg\installed\x64-windows\include\ceres\gradient_problem.h(109,64): warning C4251: 'ceres::GradientProblem::parameterization_': class 'ceres::internal::scoped_ptr<ceres::LocalParameterization>' needs to have dll-interface to be used by clients of class 'ceres::GradientProblem'
D:\1_Projects\200228_vcpkg\vcpkg\installed\x64-windows\include\ceres\gradient_problem.h(109): message : see declaration of 'ceres::internal::scoped_ptr<ceres::LocalParameterization>'
D:\1_Projects\200228_vcpkg\vcpkg\installed\x64-windows\include\ceres\gradient_problem.h(110,42): warning C4251: 'ceres::GradientProblem::scratch_': class 'ceres::internal::scoped_array<double>' needs to have dll-interface to be used by clients of class 'ceres::GradientProblem'
D:\1_Projects\200228_vcpkg\vcpkg\installed\x64-windows\include\ceres\gradient_problem.h(110): message : see declaration of 'ceres::internal::scoped_array<double>'
  Generating Code...
  bundle_adjustment.vcxproj -> D:\OneDrive - University of Utah\HJ\PhD\Research\190817_FullBodyCapture\Codes\210410_MultiCamCalib\python\bundle_adjustment\x64\Debug\bundle_adjustment.exe
